<?xml version="1.0" encoding="UTF-8"?>
<!-- Generated by org.testng.reporters.JUnitReportReporter -->
<testsuite hostname="LIN51007235" failures="0" tests="1" name="MyRunner.TestRunner" time="0.674" errors="0" timestamp="13 Dec 2020 10:17:38 GMT" skipped="0">
  <testcase classname="MyRunner.TestRunner" name="feature" time="0.674"/>
</testsuite> <!-- MyRunner.TestRunner -->
